TN:
SF:src/components/Playlist/Playlist.jsx
FN:9,Playlist
FN:13,(anonymous_1)
FNF:2
FNH:1
FNDA:5,Playlist
FNDA:0,(anonymous_1)
DA:13,5
DA:14,0
DA:16,5
LF:3
LH:2
BRF:0
BRH:0
end_of_record
TN:
SF:src/components/Track/Track.jsx
FN:4,Track
FN:5,(anonymous_1)
FN:9,(anonymous_2)
FNF:3
FNH:0
FNDA:0,Track
FNDA:0,(anonymous_1)
FNDA:0,(anonymous_2)
DA:5,0
DA:6,0
DA:9,0
DA:10,0
DA:13,0
LF:5
LH:0
BRDA:24,0,0,0
BRDA:24,0,1,0
BRF:2
BRH:0
end_of_record
TN:
SF:src/components/Tracklist/Tracklist.jsx
FN:6,Tracklist
FN:9,(anonymous_1)
FN:16,(anonymous_2)
FN:17,(anonymous_3)
FNF:4
FNH:1
FNDA:9,Tracklist
FNDA:0,(anonymous_1)
FNDA:0,(anonymous_2)
FNDA:0,(anonymous_3)
DA:7,9
DA:10,0
DA:16,0
DA:17,0
LF:4
LH:1
BRF:0
BRH:0
end_of_record
TN:
SF:src/utils/SpotifyApiConnexion.js
FN:12,(anonymous_0)
FN:26,(anonymous_1)
FN:35,(anonymous_2)
FN:45,(anonymous_3)
FN:46,(anonymous_4)
FN:51,(anonymous_5)
FN:62,(anonymous_6)
FN:76,(anonymous_7)
FN:77,(anonymous_8)
FN:86,(anonymous_9)
FN:87,(anonymous_10)
FNF:11
FNH:10
FNDA:5,(anonymous_0)
FNDA:0,(anonymous_1)
FNDA:2,(anonymous_2)
FNDA:2,(anonymous_3)
FNDA:2,(anonymous_4)
FNDA:2,(anonymous_5)
FNDA:2,(anonymous_6)
FNDA:1,(anonymous_7)
FNDA:1,(anonymous_8)
FNDA:1,(anonymous_9)
FNDA:1,(anonymous_10)
DA:1,1
DA:2,1
DA:3,1
DA:4,1
DA:10,1
DA:13,5
DA:14,4
DA:17,1
DA:19,1
DA:21,1
DA:22,1
DA:23,1
DA:26,1
DA:27,1
DA:28,1
DA:30,0
DA:36,2
DA:37,2
DA:45,2
DA:47,2
DA:48,1
DA:50,1
DA:51,2
DA:63,2
DA:64,1
DA:66,1
DA:67,1
DA:73,1
DA:76,1
DA:78,1
DA:81,1
DA:86,1
DA:88,1
DA:91,1
LF:34
LH:33
BRDA:13,0,0,4
BRDA:13,0,1,1
BRDA:21,1,0,1
BRDA:21,1,1,0
BRDA:21,2,0,1
BRDA:21,2,1,1
BRDA:47,3,0,1
BRDA:47,3,1,1
BRDA:63,4,0,1
BRDA:63,4,1,1
BRDA:63,5,0,2
BRDA:63,5,1,1
BRF:12
BRH:11
end_of_record
